Using pre-set license
Built from '2020.3/staging' branch; Version is '2020.3.11f1 (99c7afb366b3) revision 10078127'; Using compiler version '192528614'; Build Type 'Release'
OS: 'Windows 10 Home Single Language; OS build 19042.1052; Version 2009; 64bit' Language: 'en' Physical Memory: 7548 MB
BatchMode: 1, IsHumanControllingUs: 0, StartBugReporterOnCrash: 0, Is64bit: 1, IsPro: 0

 COMMAND LINE ARGUMENTS:
C:\Program Files\Unity\Hub\Editor\2020.3.11f1\Editor\Unity.exe
-adb2
-batchMode
-noUpm
-name
AssetImportWorker0
-projectPath
C:/Users/ACER/OneDrive/Documents/GitHub/Mario/MARIO2D
-logFile
Logs/AssetImportWorker0.log
-srvPort
62274
Successfully changed project path to: C:/Users/ACER/OneDrive/Documents/GitHub/Mario/MARIO2D
C:/Users/ACER/OneDrive/Documents/GitHub/Mario/MARIO2D
Using Asset Import Pipeline V2.
Refreshing native plugins compatible for Editor in 35.07 ms, found 3 plugins.
Preloading 0 native plugins for Editor in 0.00 ms.
Initialize engine version: 2020.3.11f1 (99c7afb366b3)
[Subsystems] Discovering subsystems at path C:/Program Files/Unity/Hub/Editor/2020.3.11f1/Editor/Data/Resources/UnitySubsystems
[Subsystems] Discovering subsystems at path C:/Users/ACER/OneDrive/Documents/GitHub/Mario/MARIO2D/Assets
GfxDevice: creating device client; threaded=0
Direct3D:
    Version:  Direct3D 11.0 [level 11.1]
    Renderer: NVIDIA GeForce RTX 3060 Laptop GPU (ID=0x2520)
    Vendor:   
    VRAM:     6023 MB
    Driver:   27.21.14.6179
Initialize mono
Mono path[0] = 'C:/Program Files/Unity/Hub/Editor/2020.3.11f1/Editor/Data/Managed'
Mono path[1] = 'C:/Program Files/Unity/Hub/Editor/2020.3.11f1/Editor/Data/MonoBleedingEdge/lib/mono/unityjit'
Mono config path = 'C:/Program Files/Unity/Hub/Editor/2020.3.11f1/Editor/Data/MonoBleedingEdge/etc'
Using monoOptions --debugger-agent=transport=dt_socket,embedding=1,server=y,suspend=n,address=127.0.0.1:56056
Begin MonoManager ReloadAssembly
Registering precompiled unity dll's ...
Register platform support module: C:/Program Files/Unity/Hub/Editor/2020.3.11f1/Editor/Data/PlaybackEngines/WebGLSupport/UnityEditor.WebGL.Extensions.dll
Register platform support module: C:/Program Files/Unity/Hub/Editor/2020.3.11f1/Editor/Data/PlaybackEngines/WindowsStandaloneSupport/UnityEditor.WindowsStandalone.Extensions.dll
Registered in 0.001930 seconds.
Native extension for WindowsStandalone target not found
Native extension for WebGL target not found
Refreshing native plugins compatible for Editor in 31.86 ms, found 3 plugins.
Preloading 0 native plugins for Editor in 0.00 ms.
Mono: successfully reloaded assembly
- Completed reload, in  1.535 seconds
Platform modules already initialized, skipping
Registering precompiled user dll's ...
Registered in 0.005723 seconds.
Begin MonoManager ReloadAssembly
Native extension for WindowsStandalone target not found
Native extension for WebGL target not found
Refreshing native plugins compatible for Editor in 31.94 ms, found 3 plugins.
Preloading 0 native plugins for Editor in 0.00 ms.
Mono: successfully reloaded assembly
- Completed reload, in  0.791 seconds
Platform modules already initialized, skipping
========================================================================
Worker process is ready to serve import requests
Launched and connected shader compiler UnityShaderCompiler.exe after 0.04 seconds
Refreshing native plugins compatible for Editor in 0.94 ms, found 3 plugins.
Preloading 0 native plugins for Editor in 0.00 ms.
Unloading 2081 Unused Serialized files (Serialized files now loaded: 0)
System memory in use before: 92.8 MB.
System memory in use after: 92.8 MB.

Unloading 33 unused Assets to reduce memory usage. Loaded Objects now: 2514.
Total: 2.073300 ms (FindLiveObjects: 0.188300 ms CreateObjectMapping: 0.051500 ms MarkObjects: 1.715000 ms  DeleteObjects: 0.117500 ms)

========================================================================
Received Import Request.
  path: Assets/New Palette.prefab
  artifactKey: Guid(ef95774df8274fd419f6b8f5260bf77e) Importer(815301076,1909f56bfc062723c751e8b465ee728b)
Start importing Assets/New Palette.prefab using Guid(ef95774df8274fd419f6b8f5260bf77e) Importer(815301076,1909f56bfc062723c751e8b465ee728b)  -> (artifact id: 'e7529a408c8e0f6ab0c31a4ebf195fb5') in 0.041926 seconds
  Import took 0.045492 seconds .

========================================================================
Received Import Request.
  Time since last request: 2.077851 seconds.
  path: Assets/script
  artifactKey: Guid(bcb1d02596ce47d4e8b1462bbf5ec832) Importer(815301076,1909f56bfc062723c751e8b465ee728b)
Start importing Assets/script using Guid(bcb1d02596ce47d4e8b1462bbf5ec832) Importer(815301076,1909f56bfc062723c751e8b465ee728b)  -> (artifact id: 'db126d4c029a1f0c785727735a2df17d') in 0.006404 seconds
  Import took 0.009794 seconds .

========================================================================
Received Import Request.
  Time since last request: 0.004106 seconds.
  path: Assets/script
  artifactKey: Guid(bcb1d02596ce47d4e8b1462bbf5ec832) Importer(815301076,1909f56bfc062723c751e8b465ee728b)
Start importing Assets/script using Guid(bcb1d02596ce47d4e8b1462bbf5ec832) Importer(815301076,1909f56bfc062723c751e8b465ee728b)  -> (artifact id: 'db126d4c029a1f0c785727735a2df17d') in 0.002620 seconds
  Import took 0.005527 seconds .

========================================================================
Received Import Request.
  Time since last request: 1.330824 seconds.
  path: Assets/Scenes
  artifactKey: Guid(bff4f781c990ec54fb0212f158119369) Importer(815301076,1909f56bfc062723c751e8b465ee728b)
Start importing Assets/Scenes using Guid(bff4f781c990ec54fb0212f158119369) Importer(815301076,1909f56bfc062723c751e8b465ee728b)  -> (artifact id: 'b739145efa5408b799122cf5ad608214') in 0.008500 seconds
  Import took 0.012428 seconds .

========================================================================
Received Import Request.
  Time since last request: 1.028987 seconds.
  path: Assets/Resources2D
  artifactKey: Guid(b1d03c1b07b825e45b1662b3aeee3432) Importer(815301076,1909f56bfc062723c751e8b465ee728b)
Start importing Assets/Resources2D using Guid(b1d03c1b07b825e45b1662b3aeee3432) Importer(815301076,1909f56bfc062723c751e8b465ee728b)  -> (artifact id: '996162c76dd105f354f3a69161d5ec55') in 0.009489 seconds
  Import took 0.015513 seconds .

========================================================================
Received Import Request.
  Time since last request: 3.950801 seconds.
  path: Assets/Scenes/New Scene.unity
  artifactKey: Guid(7b9ec2fb9e721c545a3f4ed0f37d0d0d) Importer(815301076,1909f56bfc062723c751e8b465ee728b)
Start importing Assets/Scenes/New Scene.unity using Guid(7b9ec2fb9e721c545a3f4ed0f37d0d0d) Importer(815301076,1909f56bfc062723c751e8b465ee728b)  -> (artifact id: '608ffb91ba08cac94e3beff4ce857d64') in 0.009802 seconds
  Import took 0.014493 seconds .

========================================================================
Received Import Request.
  Time since last request: 1.208912 seconds.
  path: Assets/Scenes/SampleScene.unity
  artifactKey: Guid(2cda990e2423bbf4892e6590ba056729) Importer(815301076,1909f56bfc062723c751e8b465ee728b)
Start importing Assets/Scenes/SampleScene.unity using Guid(2cda990e2423bbf4892e6590ba056729) Importer(815301076,1909f56bfc062723c751e8b465ee728b)  -> (artifact id: '80d8a732e85c530adca6c4ca9dc9f155') in 0.008840 seconds
  Import took 0.013959 seconds .

========================================================================
Received Prepare
Registering precompiled user dll's ...
Registered in 0.003511 seconds.
Begin MonoManager ReloadAssembly
Native extension for WindowsStandalone target not found
Native extension for WebGL target not found
Refreshing native plugins compatible for Editor in 0.44 ms, found 3 plugins.
Preloading 0 native plugins for Editor in 0.00 ms.
Mono: successfully reloaded assembly
- Completed reload, in  0.735 seconds
Platform modules already initialized, skipping
Refreshing native plugins compatible for Editor in 0.42 ms, found 3 plugins.
Preloading 0 native plugins for Editor in 0.00 ms.
Unloading 2076 Unused Serialized files (Serialized files now loaded: 0)
System memory in use before: 92.8 MB.
System memory in use after: 92.8 MB.

Unloading 21 unused Assets to reduce memory usage. Loaded Objects now: 2518.
Total: 2.083800 ms (FindLiveObjects: 0.171000 ms CreateObjectMapping: 0.051000 ms MarkObjects: 1.767300 ms  DeleteObjects: 0.093600 ms)

AssetImportWorkerClient::OnTransportError - code=2 error=End of file
